mode: set
github.com/OpenReqEU/ri-collection-explicit-feedback-twitter/crawler.go:24.87,32.24 7 1
github.com/OpenReqEU/ri-collection-explicit-feedback-twitter/crawler.go:59.2,59.15 1 1
github.com/OpenReqEU/ri-collection-explicit-feedback-twitter/crawler.go:32.24,36.17 4 1
github.com/OpenReqEU/ri-collection-explicit-feedback-twitter/crawler.go:39.3,40.47 2 1
github.com/OpenReqEU/ri-collection-explicit-feedback-twitter/crawler.go:46.3,47.32 2 1
github.com/OpenReqEU/ri-collection-explicit-feedback-twitter/crawler.go:36.17,38.4 1 0
github.com/OpenReqEU/ri-collection-explicit-feedback-twitter/crawler.go:40.47,42.29 2 1
github.com/OpenReqEU/ri-collection-explicit-feedback-twitter/crawler.go:42.29,44.5 1 1
github.com/OpenReqEU/ri-collection-explicit-feedback-twitter/crawler.go:47.32,48.52 1 1
github.com/OpenReqEU/ri-collection-explicit-feedback-twitter/crawler.go:48.52,52.5 3 1
github.com/OpenReqEU/ri-collection-explicit-feedback-twitter/crawler.go:52.10,54.5 1 1
github.com/OpenReqEU/ri-collection-explicit-feedback-twitter/crawler.go:55.9,57.4 1 1
github.com/OpenReqEU/ri-collection-explicit-feedback-twitter/crawler.go:62.119,64.17 2 1
github.com/OpenReqEU/ri-collection-explicit-feedback-twitter/crawler.go:70.2,75.20 5 1
github.com/OpenReqEU/ri-collection-explicit-feedback-twitter/crawler.go:64.17,66.3 1 1
github.com/OpenReqEU/ri-collection-explicit-feedback-twitter/crawler.go:66.8,68.3 1 1
github.com/OpenReqEU/ri-collection-explicit-feedback-twitter/crawler.go:78.69,85.16 5 1
github.com/OpenReqEU/ri-collection-explicit-feedback-twitter/crawler.go:88.2,90.15 2 1
github.com/OpenReqEU/ri-collection-explicit-feedback-twitter/crawler.go:85.16,87.3 1 0
github.com/OpenReqEU/ri-collection-explicit-feedback-twitter/crawler.go:93.94,95.39 2 1
github.com/OpenReqEU/ri-collection-explicit-feedback-twitter/crawler.go:106.2,111.20 5 1
github.com/OpenReqEU/ri-collection-explicit-feedback-twitter/crawler.go:95.39,96.32 1 1
github.com/OpenReqEU/ri-collection-explicit-feedback-twitter/crawler.go:99.3,99.17 1 1
github.com/OpenReqEU/ri-collection-explicit-feedback-twitter/crawler.go:96.32,98.4 1 1
github.com/OpenReqEU/ri-collection-explicit-feedback-twitter/crawler.go:99.17,101.4 1 1
github.com/OpenReqEU/ri-collection-explicit-feedback-twitter/crawler.go:101.9,103.4 1 0
github.com/OpenReqEU/ri-collection-explicit-feedback-twitter/crawler.go:114.49,118.35 3 1
github.com/OpenReqEU/ri-collection-explicit-feedback-twitter/crawler.go:121.2,121.13 1 1
github.com/OpenReqEU/ri-collection-explicit-feedback-twitter/crawler.go:118.35,120.3 1 1
github.com/OpenReqEU/ri-collection-explicit-feedback-twitter/responsemessage.go:10.89,12.19 2 1
github.com/OpenReqEU/ri-collection-explicit-feedback-twitter/responsemessage.go:18.2,18.10 1 1
github.com/OpenReqEU/ri-collection-explicit-feedback-twitter/responsemessage.go:12.19,14.3 1 1
github.com/OpenReqEU/ri-collection-explicit-feedback-twitter/responsemessage.go:14.8,16.3 1 1
github.com/OpenReqEU/ri-collection-explicit-feedback-twitter/starter.go:16.13,19.2 2 0
github.com/OpenReqEU/ri-collection-explicit-feedback-twitter/starter.go:21.31,31.2 8 1
github.com/OpenReqEU/ri-collection-explicit-feedback-twitter/starter.go:33.67,44.16 9 1
github.com/OpenReqEU/ri-collection-explicit-feedback-twitter/starter.go:44.16,46.3 1 0
github.com/OpenReqEU/ri-collection-explicit-feedback-twitter/starter.go:46.8,48.3 1 1
github.com/OpenReqEU/ri-collection-explicit-feedback-twitter/starter.go:51.73,56.16 5 1
github.com/OpenReqEU/ri-collection-explicit-feedback-twitter/starter.go:61.2,66.25 4 1
github.com/OpenReqEU/ri-collection-explicit-feedback-twitter/starter.go:69.2,73.16 4 1
github.com/OpenReqEU/ri-collection-explicit-feedback-twitter/starter.go:56.16,59.3 2 1
github.com/OpenReqEU/ri-collection-explicit-feedback-twitter/starter.go:66.25,68.3 1 1
github.com/OpenReqEU/ri-collection-explicit-feedback-twitter/starter.go:73.16,77.3 3 0
github.com/OpenReqEU/ri-collection-explicit-feedback-twitter/starter.go:77.8,79.3 1 1
github.com/OpenReqEU/ri-collection-explicit-feedback-twitter/starter.go:82.64,90.25 7 1
github.com/OpenReqEU/ri-collection-explicit-feedback-twitter/starter.go:93.2,97.16 4 1
github.com/OpenReqEU/ri-collection-explicit-feedback-twitter/starter.go:90.25,92.3 1 1
github.com/OpenReqEU/ri-collection-explicit-feedback-twitter/starter.go:97.16,101.3 3 0
github.com/OpenReqEU/ri-collection-explicit-feedback-twitter/starter.go:101.8,103.3 1 1
github.com/OpenReqEU/ri-collection-explicit-feedback-twitter/starter.go:106.62,119.16 11 1
github.com/OpenReqEU/ri-collection-explicit-feedback-twitter/starter.go:119.16,123.3 3 0
github.com/OpenReqEU/ri-collection-explicit-feedback-twitter/starter.go:123.8,125.3 1 1
github.com/OpenReqEU/ri-collection-explicit-feedback-twitter/starter.go:128.66,142.16 11 1
github.com/OpenReqEU/ri-collection-explicit-feedback-twitter/starter.go:142.16,146.3 3 0
github.com/OpenReqEU/ri-collection-explicit-feedback-twitter/starter.go:146.8,148.3 1 1
github.com/OpenReqEU/ri-collection-explicit-feedback-twitter/starter.go:151.73,161.16 8 1
github.com/OpenReqEU/ri-collection-explicit-feedback-twitter/starter.go:161.16,165.3 3 0
github.com/OpenReqEU/ri-collection-explicit-feedback-twitter/starter.go:165.8,167.3 1 1
github.com/OpenReqEU/ri-collection-explicit-feedback-twitter/timeframe.go:19.35,20.36 1 1
github.com/OpenReqEU/ri-collection-explicit-feedback-twitter/timeframe.go:23.2,24.16 2 1
github.com/OpenReqEU/ri-collection-explicit-feedback-twitter/timeframe.go:27.2,28.16 2 1
github.com/OpenReqEU/ri-collection-explicit-feedback-twitter/timeframe.go:32.2,32.36 1 1
github.com/OpenReqEU/ri-collection-explicit-feedback-twitter/timeframe.go:20.36,22.3 1 1
github.com/OpenReqEU/ri-collection-explicit-feedback-twitter/timeframe.go:24.16,26.3 1 1
github.com/OpenReqEU/ri-collection-explicit-feedback-twitter/timeframe.go:28.16,30.3 1 1
github.com/OpenReqEU/ri-collection-explicit-feedback-twitter/timeframe.go:36.44,37.15 1 1
github.com/OpenReqEU/ri-collection-explicit-feedback-twitter/timeframe.go:40.2,43.54 3 1
github.com/OpenReqEU/ri-collection-explicit-feedback-twitter/timeframe.go:37.15,39.3 1 1
github.com/OpenReqEU/ri-collection-explicit-feedback-twitter/timeframe.go:47.49,48.17 1 1
github.com/OpenReqEU/ri-collection-explicit-feedback-twitter/timeframe.go:51.2,54.54 3 1
github.com/OpenReqEU/ri-collection-explicit-feedback-twitter/timeframe.go:48.17,50.3 1 1
github.com/OpenReqEU/ri-collection-explicit-feedback-twitter/tweet.go:29.67,36.16 4 1
github.com/OpenReqEU/ri-collection-explicit-feedback-twitter/tweet.go:40.2,42.60 3 1
github.com/OpenReqEU/ri-collection-explicit-feedback-twitter/tweet.go:47.2,58.3 1 1
github.com/OpenReqEU/ri-collection-explicit-feedback-twitter/tweet.go:36.16,39.3 2 0
github.com/OpenReqEU/ri-collection-explicit-feedback-twitter/tweet.go:42.60,44.3 1 1
github.com/OpenReqEU/ri-collection-explicit-feedback-twitter/tweet.go:62.73,64.47 2 1
github.com/OpenReqEU/ri-collection-explicit-feedback-twitter/tweet.go:68.2,68.15 1 1
github.com/OpenReqEU/ri-collection-explicit-feedback-twitter/tweet.go:64.47,66.3 1 1
