mode: set
/Users/stanik/Documents/repos/_openreq/openreq-git/twitter/ri-collection-explicit-feedback-twitter/responsemessage.go:10.89,12.19 2 1
/Users/stanik/Documents/repos/_openreq/openreq-git/twitter/ri-collection-explicit-feedback-twitter/responsemessage.go:18.2,18.10 1 1
/Users/stanik/Documents/repos/_openreq/openreq-git/twitter/ri-collection-explicit-feedback-twitter/responsemessage.go:12.19,14.3 1 1
/Users/stanik/Documents/repos/_openreq/openreq-git/twitter/ri-collection-explicit-feedback-twitter/responsemessage.go:14.8,16.3 1 1
/Users/stanik/Documents/repos/_openreq/openreq-git/twitter/ri-collection-explicit-feedback-twitter/starter.go:16.13,29.2 9 0
/Users/stanik/Documents/repos/_openreq/openreq-git/twitter/ri-collection-explicit-feedback-twitter/starter.go:31.67,42.16 9 1
/Users/stanik/Documents/repos/_openreq/openreq-git/twitter/ri-collection-explicit-feedback-twitter/starter.go:42.16,44.3 1 0
/Users/stanik/Documents/repos/_openreq/openreq-git/twitter/ri-collection-explicit-feedback-twitter/starter.go:44.8,46.3 1 1
/Users/stanik/Documents/repos/_openreq/openreq-git/twitter/ri-collection-explicit-feedback-twitter/starter.go:49.73,54.16 5 1
/Users/stanik/Documents/repos/_openreq/openreq-git/twitter/ri-collection-explicit-feedback-twitter/starter.go:59.2,64.25 4 1
/Users/stanik/Documents/repos/_openreq/openreq-git/twitter/ri-collection-explicit-feedback-twitter/starter.go:67.2,71.16 4 1
/Users/stanik/Documents/repos/_openreq/openreq-git/twitter/ri-collection-explicit-feedback-twitter/starter.go:54.16,57.3 2 0
/Users/stanik/Documents/repos/_openreq/openreq-git/twitter/ri-collection-explicit-feedback-twitter/starter.go:64.25,66.3 1 1
/Users/stanik/Documents/repos/_openreq/openreq-git/twitter/ri-collection-explicit-feedback-twitter/starter.go:71.16,75.3 3 0
/Users/stanik/Documents/repos/_openreq/openreq-git/twitter/ri-collection-explicit-feedback-twitter/starter.go:75.8,77.3 1 1
/Users/stanik/Documents/repos/_openreq/openreq-git/twitter/ri-collection-explicit-feedback-twitter/starter.go:80.64,88.25 7 1
/Users/stanik/Documents/repos/_openreq/openreq-git/twitter/ri-collection-explicit-feedback-twitter/starter.go:91.2,95.16 4 1
/Users/stanik/Documents/repos/_openreq/openreq-git/twitter/ri-collection-explicit-feedback-twitter/starter.go:88.25,90.3 1 1
/Users/stanik/Documents/repos/_openreq/openreq-git/twitter/ri-collection-explicit-feedback-twitter/starter.go:95.16,99.3 3 0
/Users/stanik/Documents/repos/_openreq/openreq-git/twitter/ri-collection-explicit-feedback-twitter/starter.go:99.8,101.3 1 1
/Users/stanik/Documents/repos/_openreq/openreq-git/twitter/ri-collection-explicit-feedback-twitter/starter.go:104.62,117.16 11 0
/Users/stanik/Documents/repos/_openreq/openreq-git/twitter/ri-collection-explicit-feedback-twitter/starter.go:117.16,121.3 3 0
/Users/stanik/Documents/repos/_openreq/openreq-git/twitter/ri-collection-explicit-feedback-twitter/starter.go:121.8,123.3 1 0
/Users/stanik/Documents/repos/_openreq/openreq-git/twitter/ri-collection-explicit-feedback-twitter/starter.go:126.66,140.16 11 1
/Users/stanik/Documents/repos/_openreq/openreq-git/twitter/ri-collection-explicit-feedback-twitter/starter.go:140.16,144.3 3 0
/Users/stanik/Documents/repos/_openreq/openreq-git/twitter/ri-collection-explicit-feedback-twitter/starter.go:144.8,146.3 1 1
/Users/stanik/Documents/repos/_openreq/openreq-git/twitter/ri-collection-explicit-feedback-twitter/starter.go:149.73,159.16 8 1
/Users/stanik/Documents/repos/_openreq/openreq-git/twitter/ri-collection-explicit-feedback-twitter/starter.go:159.16,163.3 3 0
/Users/stanik/Documents/repos/_openreq/openreq-git/twitter/ri-collection-explicit-feedback-twitter/starter.go:163.8,165.3 1 1
/Users/stanik/Documents/repos/_openreq/openreq-git/twitter/ri-collection-explicit-feedback-twitter/timeframe.go:19.35,20.36 1 1
/Users/stanik/Documents/repos/_openreq/openreq-git/twitter/ri-collection-explicit-feedback-twitter/timeframe.go:23.2,24.16 2 1
/Users/stanik/Documents/repos/_openreq/openreq-git/twitter/ri-collection-explicit-feedback-twitter/timeframe.go:27.2,28.16 2 1
/Users/stanik/Documents/repos/_openreq/openreq-git/twitter/ri-collection-explicit-feedback-twitter/timeframe.go:32.2,32.36 1 1
/Users/stanik/Documents/repos/_openreq/openreq-git/twitter/ri-collection-explicit-feedback-twitter/timeframe.go:20.36,22.3 1 1
/Users/stanik/Documents/repos/_openreq/openreq-git/twitter/ri-collection-explicit-feedback-twitter/timeframe.go:24.16,26.3 1 1
/Users/stanik/Documents/repos/_openreq/openreq-git/twitter/ri-collection-explicit-feedback-twitter/timeframe.go:28.16,30.3 1 0
/Users/stanik/Documents/repos/_openreq/openreq-git/twitter/ri-collection-explicit-feedback-twitter/timeframe.go:36.44,37.15 1 1
/Users/stanik/Documents/repos/_openreq/openreq-git/twitter/ri-collection-explicit-feedback-twitter/timeframe.go:40.2,43.54 3 1
/Users/stanik/Documents/repos/_openreq/openreq-git/twitter/ri-collection-explicit-feedback-twitter/timeframe.go:37.15,39.3 1 1
/Users/stanik/Documents/repos/_openreq/openreq-git/twitter/ri-collection-explicit-feedback-twitter/timeframe.go:47.49,48.17 1 1
/Users/stanik/Documents/repos/_openreq/openreq-git/twitter/ri-collection-explicit-feedback-twitter/timeframe.go:51.2,54.54 3 1
/Users/stanik/Documents/repos/_openreq/openreq-git/twitter/ri-collection-explicit-feedback-twitter/timeframe.go:48.17,50.3 1 1
/Users/stanik/Documents/repos/_openreq/openreq-git/twitter/ri-collection-explicit-feedback-twitter/tweet.go:29.67,36.16 4 1
/Users/stanik/Documents/repos/_openreq/openreq-git/twitter/ri-collection-explicit-feedback-twitter/tweet.go:40.2,42.60 3 1
/Users/stanik/Documents/repos/_openreq/openreq-git/twitter/ri-collection-explicit-feedback-twitter/tweet.go:47.2,58.3 1 1
/Users/stanik/Documents/repos/_openreq/openreq-git/twitter/ri-collection-explicit-feedback-twitter/tweet.go:36.16,39.3 2 0
/Users/stanik/Documents/repos/_openreq/openreq-git/twitter/ri-collection-explicit-feedback-twitter/tweet.go:42.60,44.3 1 1
/Users/stanik/Documents/repos/_openreq/openreq-git/twitter/ri-collection-explicit-feedback-twitter/tweet.go:62.73,64.47 2 1
/Users/stanik/Documents/repos/_openreq/openreq-git/twitter/ri-collection-explicit-feedback-twitter/tweet.go:68.2,68.15 1 1
/Users/stanik/Documents/repos/_openreq/openreq-git/twitter/ri-collection-explicit-feedback-twitter/tweet.go:64.47,66.3 1 1
/Users/stanik/Documents/repos/_openreq/openreq-git/twitter/ri-collection-explicit-feedback-twitter/cawler.go:23.87,31.24 7 1
/Users/stanik/Documents/repos/_openreq/openreq-git/twitter/ri-collection-explicit-feedback-twitter/cawler.go:58.2,58.15 1 1
/Users/stanik/Documents/repos/_openreq/openreq-git/twitter/ri-collection-explicit-feedback-twitter/cawler.go:31.24,35.17 4 1
/Users/stanik/Documents/repos/_openreq/openreq-git/twitter/ri-collection-explicit-feedback-twitter/cawler.go:38.3,39.47 2 1
/Users/stanik/Documents/repos/_openreq/openreq-git/twitter/ri-collection-explicit-feedback-twitter/cawler.go:45.3,46.32 2 1
/Users/stanik/Documents/repos/_openreq/openreq-git/twitter/ri-collection-explicit-feedback-twitter/cawler.go:35.17,37.4 1 0
/Users/stanik/Documents/repos/_openreq/openreq-git/twitter/ri-collection-explicit-feedback-twitter/cawler.go:39.47,41.29 2 1
/Users/stanik/Documents/repos/_openreq/openreq-git/twitter/ri-collection-explicit-feedback-twitter/cawler.go:41.29,43.5 1 1
/Users/stanik/Documents/repos/_openreq/openreq-git/twitter/ri-collection-explicit-feedback-twitter/cawler.go:46.32,47.52 1 0
/Users/stanik/Documents/repos/_openreq/openreq-git/twitter/ri-collection-explicit-feedback-twitter/cawler.go:47.52,51.5 3 0
/Users/stanik/Documents/repos/_openreq/openreq-git/twitter/ri-collection-explicit-feedback-twitter/cawler.go:51.10,53.5 1 0
/Users/stanik/Documents/repos/_openreq/openreq-git/twitter/ri-collection-explicit-feedback-twitter/cawler.go:54.9,56.4 1 1
/Users/stanik/Documents/repos/_openreq/openreq-git/twitter/ri-collection-explicit-feedback-twitter/cawler.go:61.119,63.17 2 1
/Users/stanik/Documents/repos/_openreq/openreq-git/twitter/ri-collection-explicit-feedback-twitter/cawler.go:69.2,74.20 5 1
/Users/stanik/Documents/repos/_openreq/openreq-git/twitter/ri-collection-explicit-feedback-twitter/cawler.go:63.17,65.3 1 1
/Users/stanik/Documents/repos/_openreq/openreq-git/twitter/ri-collection-explicit-feedback-twitter/cawler.go:65.8,67.3 1 1
/Users/stanik/Documents/repos/_openreq/openreq-git/twitter/ri-collection-explicit-feedback-twitter/cawler.go:77.69,84.16 5 1
/Users/stanik/Documents/repos/_openreq/openreq-git/twitter/ri-collection-explicit-feedback-twitter/cawler.go:87.2,89.15 2 1
/Users/stanik/Documents/repos/_openreq/openreq-git/twitter/ri-collection-explicit-feedback-twitter/cawler.go:84.16,86.3 1 0
/Users/stanik/Documents/repos/_openreq/openreq-git/twitter/ri-collection-explicit-feedback-twitter/cawler.go:92.94,94.39 2 1
/Users/stanik/Documents/repos/_openreq/openreq-git/twitter/ri-collection-explicit-feedback-twitter/cawler.go:105.2,110.20 5 1
/Users/stanik/Documents/repos/_openreq/openreq-git/twitter/ri-collection-explicit-feedback-twitter/cawler.go:94.39,95.32 1 1
/Users/stanik/Documents/repos/_openreq/openreq-git/twitter/ri-collection-explicit-feedback-twitter/cawler.go:98.3,98.17 1 1
/Users/stanik/Documents/repos/_openreq/openreq-git/twitter/ri-collection-explicit-feedback-twitter/cawler.go:95.32,97.4 1 1
/Users/stanik/Documents/repos/_openreq/openreq-git/twitter/ri-collection-explicit-feedback-twitter/cawler.go:98.17,100.4 1 1
/Users/stanik/Documents/repos/_openreq/openreq-git/twitter/ri-collection-explicit-feedback-twitter/cawler.go:100.9,102.4 1 0
/Users/stanik/Documents/repos/_openreq/openreq-git/twitter/ri-collection-explicit-feedback-twitter/cawler.go:113.49,117.35 3 1
/Users/stanik/Documents/repos/_openreq/openreq-git/twitter/ri-collection-explicit-feedback-twitter/cawler.go:120.2,120.13 1 1
/Users/stanik/Documents/repos/_openreq/openreq-git/twitter/ri-collection-explicit-feedback-twitter/cawler.go:117.35,119.3 1 1
